03:58:22,193 INFO  [com.liferay.portal.kernel.deploy.auto.AutoDeployScanner][AutoDeployDir:215] Processing liferay-portlet-6.1.1.1.war
03:58:22,197 INFO  [com.liferay.portal.kernel.deploy.auto.AutoDeployScanner][PortletAutoDeployListener:79] Copying portlets for E:\technical\liferay-portal-6.1.2-ce-ga3\deploy\liferay-portlet-6.1.1.1.war
03:58:22,204 INFO  [com.liferay.portal.kernel.deploy.auto.AutoDeployScanner][BaseDeployer:820] Deploying liferay-portlet-6.1.1.1.war
03:58:22,288 INFO  [com.liferay.portal.kernel.deploy.auto.AutoDeployScanner][BaseDeployer:916] Updating Liferay from version 6.1.1.1 to version 6.1.1.1
03:58:24,156 INFO  [com.liferay.portal.kernel.deploy.auto.AutoDeployScanner][BaseDeployer:2233] Modifying Servlet 2.4 E:\technical\liferay-portal-6.1.2-ce-ga3\tomcat-7.0.40\temp\20131228035822291\WEB-INF\web.xml
03:58:24,212 INFO  [com.liferay.portal.kernel.deploy.auto.AutoDeployScanner][PortletAutoDeployListener:89] Portlets for E:\technical\liferay-portal-6.1.2-ce-ga3\deploy\liferay-portlet-6.1.1.1.war copied successfully. Deployment will start in a few seconds.
03:58:33,914 INFO  [ContainerBackgroundProcessor[StandardEngine[Catalina]]][HotDeployEvent:109] Plugin liferay-portlet requires portal-compat-hook
03:58:33,916 INFO  [ContainerBackgroundProcessor[StandardEngine[Catalina]]][PluginPackageUtil:1049] Reading plugin package for liferay-portlet
03:58:33,950 INFO  [ContainerBackgroundProcessor[StandardEngine[Catalina]]][HookHotDeployListener:834] Hook for liferay-portlet was unregistered
03:58:33,952 INFO  [ContainerBackgroundProcessor[StandardEngine[Catalina]]][PortletHotDeployListener:491] Unregistering portlets for liferay-portlet
03:58:33,963 INFO  [ContainerBackgroundProcessor[StandardEngine[Catalina]]][PortletHotDeployListener:525] 1 portlet for liferay-portlet was unregistered
03:59:16,180 INFO  [localhost-startStop-4][HotDeployEvent:109] Plugin liferay-portlet requires portal-compat-hook
03:59:16,841 INFO  [localhost-startStop-4][HotDeployImpl:185] Deploying liferay-portlet from queue
03:59:16,842 INFO  [localhost-startStop-4][PluginPackageUtil:1049] Reading plugin package for liferay-portlet
03:59:17,464 INFO  [localhost-startStop-4][HookHotDeployListener:584] Registering hook for liferay-portlet
03:59:17,501 INFO  [localhost-startStop-4][HookHotDeployListener:711] Hook for liferay-portlet is available for use
03:59:17,509 INFO  [localhost-startStop-4][PortletHotDeployListener:295] Registering portlets for liferay-portlet
03:59:18,347 INFO  [localhost-startStop-4][PortletHotDeployListener:454] 1 portlet for liferay-portlet is available for use
04:06:05,596 INFO  [com.liferay.portal.kernel.deploy.auto.AutoDeployScanner][AutoDeployDir:215] Processing liferay-portlet-6.1.1.1.war
04:06:05,600 INFO  [com.liferay.portal.kernel.deploy.auto.AutoDeployScanner][PortletAutoDeployListener:79] Copying portlets for E:\technical\liferay-portal-6.1.2-ce-ga3\deploy\liferay-portlet-6.1.1.1.war
04:06:05,605 INFO  [com.liferay.portal.kernel.deploy.auto.AutoDeployScanner][BaseDeployer:820] Deploying liferay-portlet-6.1.1.1.war
04:06:05,646 INFO  [com.liferay.portal.kernel.deploy.auto.AutoDeployScanner][BaseDeployer:916] Updating Liferay from version 6.1.1.1 to version 6.1.1.1
04:06:07,692 INFO  [com.liferay.portal.kernel.deploy.auto.AutoDeployScanner][BaseDeployer:2233] Modifying Servlet 2.4 E:\technical\liferay-portal-6.1.2-ce-ga3\tomcat-7.0.40\temp\20131228040605649\WEB-INF\web.xml
04:06:07,781 INFO  [com.liferay.portal.kernel.deploy.auto.AutoDeployScanner][PortletAutoDeployListener:89] Portlets for E:\technical\liferay-portal-6.1.2-ce-ga3\deploy\liferay-portlet-6.1.1.1.war copied successfully. Deployment will start in a few seconds.
04:06:09,500 INFO  [ContainerBackgroundProcessor[StandardEngine[Catalina]]][HotDeployEvent:109] Plugin liferay-portlet requires portal-compat-hook
04:06:09,501 INFO  [ContainerBackgroundProcessor[StandardEngine[Catalina]]][PluginPackageUtil:1049] Reading plugin package for liferay-portlet
04:06:09,528 INFO  [ContainerBackgroundProcessor[StandardEngine[Catalina]]][HookHotDeployListener:834] Hook for liferay-portlet was unregistered
04:06:09,530 INFO  [ContainerBackgroundProcessor[StandardEngine[Catalina]]][PortletHotDeployListener:491] Unregistering portlets for liferay-portlet
04:06:09,538 INFO  [ContainerBackgroundProcessor[StandardEngine[Catalina]]][PortletHotDeployListener:525] 1 portlet for liferay-portlet was unregistered
04:07:01,927 INFO  [localhost-startStop-5][HotDeployEvent:109] Plugin liferay-portlet requires portal-compat-hook
04:07:02,890 INFO  [localhost-startStop-5][HotDeployImpl:185] Deploying liferay-portlet from queue
04:07:02,890 INFO  [localhost-startStop-5][PluginPackageUtil:1049] Reading plugin package for liferay-portlet
04:07:03,850 INFO  [localhost-startStop-5][HookHotDeployListener:584] Registering hook for liferay-portlet
04:07:03,918 INFO  [localhost-startStop-5][HookHotDeployListener:711] Hook for liferay-portlet is available for use
04:07:03,926 INFO  [localhost-startStop-5][PortletHotDeployListener:295] Registering portlets for liferay-portlet
04:07:05,086 INFO  [localhost-startStop-5][PortletHotDeployListener:454] 1 portlet for liferay-portlet is available for use
04:57:47,315 INFO  [com.liferay.portal.plugin.PluginPackageUtil][PluginPackageUtil:1438] Checking for available updates
04:57:47,417 INFO  [com.liferay.portal.plugin.PluginPackageUtil][PluginPackageUtil:1482] Finished checking for available updates in 43 ms
05:13:13,647 INFO  [com.liferay.portal.kernel.deploy.auto.AutoDeployScanner][AutoDeployDir:215] Processing liferay-portlet-6.1.1.1.war
05:13:13,649 INFO  [com.liferay.portal.kernel.deploy.auto.AutoDeployScanner][PortletAutoDeployListener:79] Copying portlets for E:\technical\liferay-portal-6.1.2-ce-ga3\deploy\liferay-portlet-6.1.1.1.war
05:13:13,651 INFO  [com.liferay.portal.kernel.deploy.auto.AutoDeployScanner][BaseDeployer:820] Deploying liferay-portlet-6.1.1.1.war
05:13:14,204 INFO  [com.liferay.portal.kernel.deploy.auto.AutoDeployScanner][BaseDeployer:916] Updating Liferay from version 6.1.1.1 to version 6.1.1.1
05:13:23,101 INFO  [com.liferay.portal.kernel.deploy.auto.AutoDeployScanner][BaseDeployer:2233] Modifying Servlet 2.4 E:\technical\liferay-portal-6.1.2-ce-ga3\tomcat-7.0.40\temp\20131228051314205\WEB-INF\web.xml
05:13:23,407 INFO  [com.liferay.portal.kernel.deploy.auto.AutoDeployScanner][PortletAutoDeployListener:89] Portlets for E:\technical\liferay-portal-6.1.2-ce-ga3\deploy\liferay-portlet-6.1.1.1.war copied successfully. Deployment will start in a few seconds.
05:13:29,899 INFO  [ContainerBackgroundProcessor[StandardEngine[Catalina]]][HotDeployEvent:109] Plugin liferay-portlet requires portal-compat-hook
05:13:29,899 INFO  [ContainerBackgroundProcessor[StandardEngine[Catalina]]][PluginPackageUtil:1049] Reading plugin package for liferay-portlet
05:13:30,057 INFO  [ContainerBackgroundProcessor[StandardEngine[Catalina]]][HookHotDeployListener:834] Hook for liferay-portlet was unregistered
05:13:30,057 INFO  [ContainerBackgroundProcessor[StandardEngine[Catalina]]][PortletHotDeployListener:491] Unregistering portlets for liferay-portlet
05:13:30,060 INFO  [ContainerBackgroundProcessor[StandardEngine[Catalina]]][PortletHotDeployListener:525] 1 portlet for liferay-portlet was unregistered
05:15:08,699 INFO  [localhost-startStop-6][HotDeployEvent:109] Plugin liferay-portlet requires portal-compat-hook
05:15:10,347 INFO  [localhost-startStop-6][HotDeployImpl:185] Deploying liferay-portlet from queue
05:15:10,348 INFO  [localhost-startStop-6][PluginPackageUtil:1049] Reading plugin package for liferay-portlet
05:15:10,724 INFO  [localhost-startStop-6][HookHotDeployListener:584] Registering hook for liferay-portlet
05:15:10,772 INFO  [localhost-startStop-6][HookHotDeployListener:711] Hook for liferay-portlet is available for use
05:15:10,780 INFO  [localhost-startStop-6][PortletHotDeployListener:295] Registering portlets for liferay-portlet
05:15:11,227 INFO  [localhost-startStop-6][PortletHotDeployListener:454] 1 portlet for liferay-portlet is available for use
05:23:18,022 INFO  [com.liferay.portal.plugin.PluginPackageUtil][PluginPackageUtil:1438] Checking for available updates
05:23:18,024 INFO  [com.liferay.portal.plugin.PluginPackageUtil][PluginPackageUtil:1482] Finished checking for available updates in 1 ms
06:23:02,874 WARN  [liferay/mail-1][MailEngine:563] Failed to connect to a valid mail server. Please make sure one is properly configured. Could not connect to SMTP host: localhost, port: 25
