19:26:44,028 INFO  [localhost-startStop-1][DialectDetector:71] Determine dialect for MySQL 5
19:26:44,113 INFO  [localhost-startStop-1][DialectDetector:136] Found dialect org.hibernate.dialect.MySQLDialect
19:27:30,489 WARN  [localhost-startStop-1][PDFProcessorImpl:235] Liferay is not configured to use ImageMagick. For better quality document and image previews, install ImageMagick and enable it in portal-ext.properties or in the Server Administration control panel at: http://<server>/group/control_panel/manage/-/server/external-services
19:27:48,505 INFO  [localhost-startStop-1][BaseDB:481] Database does not support case sensitive queries
19:27:49,509 INFO  [localhost-startStop-1][ServerDetector:169] Server supports hot deploy
19:27:49,520 INFO  [localhost-startStop-1][PluginPackageUtil:1046] Reading plugin package for the root context
19:28:02,575 INFO  [localhost-startStop-1][AutoDeployDir:123] Creating missing directory E:\technical\liferay-portal-6.1.2-ce-ga3\deploy
19:28:02,578 INFO  [localhost-startStop-1][AutoDeployDir:144] Auto deploy scanner started for E:\technical\liferay-portal-6.1.2-ce-ga3\deploy
19:28:21,740 WARN  [http-bio-8080-exec-1][ThemeLocalServiceImpl:153] No theme found for specified theme id welcome_WAR_welcometheme. Returning the default theme.
19:28:21,834 WARN  [http-bio-8080-exec-1][ThemeLocalServiceImpl:153] No theme found for specified theme id welcome_WAR_welcometheme. Returning the default theme.
19:28:21,845 WARN  [http-bio-8080-exec-1][ThemeLocalServiceImpl:153] No theme found for specified theme id welcome_WAR_welcometheme. Returning the default theme.
19:28:21,847 WARN  [http-bio-8080-exec-1][ThemeLocalServiceImpl:153] No theme found for specified theme id welcome_WAR_welcometheme. Returning the default theme.
19:28:26,386 WARN  [http-bio-8080-exec-1][ThemeLocalServiceImpl:153] No theme found for specified theme id welcome_WAR_welcometheme. Returning the default theme.
19:28:26,389 WARN  [http-bio-8080-exec-1][ThemeLocalServiceImpl:153] No theme found for specified theme id welcome_WAR_welcometheme. Returning the default theme.
19:28:28,500 WARN  [http-bio-8080-exec-1][ThemeLocalServiceImpl:153] No theme found for specified theme id welcome_WAR_welcometheme. Returning the default theme.
19:28:28,504 WARN  [http-bio-8080-exec-1][ThemeLocalServiceImpl:153] No theme found for specified theme id welcome_WAR_welcometheme. Returning the default theme.
19:28:28,523 WARN  [http-bio-8080-exec-1][ThemeLocalServiceImpl:153] No theme found for specified theme id welcome_WAR_welcometheme. Returning the default theme.
19:28:29,885 WARN  [http-bio-8080-exec-1][ThemeLocalServiceImpl:153] No theme found for specified theme id welcome_WAR_welcometheme. Returning the default theme.
19:28:37,907 WARN  [http-bio-8080-exec-1][ThemeLocalServiceImpl:153] No theme found for specified theme id welcome_WAR_welcometheme. Returning the default theme.
19:35:48,457 WARN  [http-bio-8080-exec-3][ThemeLocalServiceImpl:153] No theme found for specified theme id welcome_WAR_welcometheme. Returning the default theme.
19:35:48,464 WARN  [http-bio-8080-exec-3][ThemeLocalServiceImpl:153] No theme found for specified theme id welcome_WAR_welcometheme. Returning the default theme.
19:35:48,467 WARN  [http-bio-8080-exec-3][ThemeLocalServiceImpl:153] No theme found for specified theme id welcome_WAR_welcometheme. Returning the default theme.
19:35:48,469 WARN  [http-bio-8080-exec-3][ThemeLocalServiceImpl:153] No theme found for specified theme id welcome_WAR_welcometheme. Returning the default theme.
19:35:48,780 WARN  [http-bio-8080-exec-3][ThemeLocalServiceImpl:153] No theme found for specified theme id welcome_WAR_welcometheme. Returning the default theme.
19:35:48,782 WARN  [http-bio-8080-exec-3][ThemeLocalServiceImpl:153] No theme found for specified theme id welcome_WAR_welcometheme. Returning the default theme.
19:35:48,804 WARN  [http-bio-8080-exec-3][ThemeLocalServiceImpl:153] No theme found for specified theme id welcome_WAR_welcometheme. Returning the default theme.
19:35:48,806 WARN  [http-bio-8080-exec-3][ThemeLocalServiceImpl:153] No theme found for specified theme id welcome_WAR_welcometheme. Returning the default theme.
19:35:48,809 WARN  [http-bio-8080-exec-3][ThemeLocalServiceImpl:153] No theme found for specified theme id welcome_WAR_welcometheme. Returning the default theme.
19:35:48,812 WARN  [http-bio-8080-exec-3][ThemeLocalServiceImpl:153] No theme found for specified theme id welcome_WAR_welcometheme. Returning the default theme.
19:35:48,975 WARN  [http-bio-8080-exec-3][ThemeLocalServiceImpl:153] No theme found for specified theme id welcome_WAR_welcometheme. Returning the default theme.
19:42:22,193 WARN  [http-bio-8080-exec-4][ThemeLocalServiceImpl:153] No theme found for specified theme id welcome_WAR_welcometheme. Returning the default theme.
19:42:22,201 WARN  [http-bio-8080-exec-4][ThemeLocalServiceImpl:153] No theme found for specified theme id welcome_WAR_welcometheme. Returning the default theme.
19:42:22,202 WARN  [http-bio-8080-exec-4][ThemeLocalServiceImpl:153] No theme found for specified theme id welcome_WAR_welcometheme. Returning the default theme.
19:42:22,203 WARN  [http-bio-8080-exec-4][ThemeLocalServiceImpl:153] No theme found for specified theme id welcome_WAR_welcometheme. Returning the default theme.
19:42:22,625 WARN  [http-bio-8080-exec-4][ThemeLocalServiceImpl:153] No theme found for specified theme id welcome_WAR_welcometheme. Returning the default theme.
19:42:22,631 WARN  [http-bio-8080-exec-4][ThemeLocalServiceImpl:153] No theme found for specified theme id welcome_WAR_welcometheme. Returning the default theme.
19:42:22,634 WARN  [http-bio-8080-exec-4][ThemeLocalServiceImpl:153] No theme found for specified theme id welcome_WAR_welcometheme. Returning the default theme.
19:42:22,635 WARN  [http-bio-8080-exec-4][ThemeLocalServiceImpl:153] No theme found for specified theme id welcome_WAR_welcometheme. Returning the default theme.
19:42:23,133 WARN  [http-bio-8080-exec-4][ThemeLocalServiceImpl:153] No theme found for specified theme id welcome_WAR_welcometheme. Returning the default theme.
19:42:23,140 WARN  [http-bio-8080-exec-4][ThemeLocalServiceImpl:153] No theme found for specified theme id welcome_WAR_welcometheme. Returning the default theme.
19:42:23,142 WARN  [http-bio-8080-exec-4][ThemeLocalServiceImpl:153] No theme found for specified theme id welcome_WAR_welcometheme. Returning the default theme.
19:42:23,143 WARN  [http-bio-8080-exec-4][ThemeLocalServiceImpl:153] No theme found for specified theme id welcome_WAR_welcometheme. Returning the default theme.
19:42:23,480 WARN  [http-bio-8080-exec-4][ThemeLocalServiceImpl:153] No theme found for specified theme id welcome_WAR_welcometheme. Returning the default theme.
19:42:23,482 WARN  [http-bio-8080-exec-4][ThemeLocalServiceImpl:153] No theme found for specified theme id welcome_WAR_welcometheme. Returning the default theme.
19:42:23,498 WARN  [http-bio-8080-exec-4][ThemeLocalServiceImpl:153] No theme found for specified theme id welcome_WAR_welcometheme. Returning the default theme.
19:42:23,502 WARN  [http-bio-8080-exec-4][ThemeLocalServiceImpl:153] No theme found for specified theme id welcome_WAR_welcometheme. Returning the default theme.
19:42:23,505 WARN  [http-bio-8080-exec-4][ThemeLocalServiceImpl:153] No theme found for specified theme id welcome_WAR_welcometheme. Returning the default theme.
19:42:23,507 WARN  [http-bio-8080-exec-4][ThemeLocalServiceImpl:153] No theme found for specified theme id welcome_WAR_welcometheme. Returning the default theme.
19:42:27,825 ERROR [http-bio-8080-exec-4][status_jsp:665] com.liferay.portal.DuplicateUserScreenNameException
com.liferay.portal.DuplicateUserScreenNameException
	at com.liferay.portal.service.impl.UserLocalServiceImpl.validateScreenName(UserLocalServiceImpl.java:6087)
	at com.liferay.portal.service.impl.UserLocalServiceImpl.validate(UserLocalServiceImpl.java:5861)
	at com.liferay.portal.service.impl.UserLocalServiceImpl.updateUser(UserLocalServiceImpl.java:4915)
	at sun.reflect.NativeMethodAccessorImpl.invoke0(Native Method)
	at sun.reflect.NativeMethodAccessorImpl.invoke(NativeMethodAccessorImpl.java:57)
	at sun.reflect.DelegatingMethodAccessorImpl.invoke(DelegatingMethodAccessorImpl.java:43)
	at java.lang.reflect.Method.invoke(Method.java:606)
	at com.liferay.portal.spring.aop.ServiceBeanMethodInvocation.proceed(ServiceBeanMethodInvocation.java:117)
	at com.liferay.portal.spring.transaction.DefaultTransactionExecutor.execute(DefaultTransactionExecutor.java:62)
	at com.liferay.portal.spring.transaction.TransactionInterceptor.invoke(TransactionInterceptor.java:52)
	at com.liferay.portal.spring.aop.ServiceBeanMethodInvocation.proceed(ServiceBeanMethodInvocation.java:113)
	at com.liferay.portal.spring.aop.ChainableMethodAdvice.invoke(ChainableMethodAdvice.java:56)
	at com.liferay.portal.spring.aop.ServiceBeanMethodInvocation.proceed(ServiceBeanMethodInvocation.java:113)
	at com.liferay.portal.spring.aop.ChainableMethodAdvice.invoke(ChainableMethodAdvice.java:56)
	at com.liferay.portal.spring.aop.ServiceBeanMethodInvocation.proceed(ServiceBeanMethodInvocation.java:113)
	at com.liferay.portal.spring.aop.ChainableMethodAdvice.invoke(ChainableMethodAdvice.java:56)
	at com.liferay.portal.spring.aop.ServiceBeanMethodInvocation.proceed(ServiceBeanMethodInvocation.java:113)
	at com.liferay.portal.spring.aop.ChainableMethodAdvice.invoke(ChainableMethodAdvice.java:56)
	at com.liferay.portal.spring.aop.ServiceBeanMethodInvocation.proceed(ServiceBeanMethodInvocation.java:113)
	at com.liferay.portal.spring.aop.ServiceBeanAopProxy.invoke(ServiceBeanAopProxy.java:218)
	at com.liferay.portal.security.pacl.PACLInvocationHandler.doInvoke(PACLInvocationHandler.java:62)
	at com.liferay.portal.security.pacl.PACLInvocationHandler.invoke(PACLInvocationHandler.java:51)
	at com.sun.proxy.$Proxy191.updateUser(Unknown Source)
	at com.liferay.portal.service.UserLocalServiceUtil.updateUser(UserLocalServiceUtil.java:3405)
	at com.liferay.portal.setup.SetupWizardUtil._updateAdminUser(SetupWizardUtil.java:417)
	at com.liferay.portal.setup.SetupWizardUtil.updateSetup(SetupWizardUtil.java:197)
	at com.liferay.portal.action.SetupWizardAction.execute(SetupWizardAction.java:80)
	at org.apache.struts.action.RequestProcessor.processActionPerform(RequestProcessor.java:431)
	at org.apache.struts.action.RequestProcessor.process(RequestProcessor.java:236)
	at com.liferay.portal.struts.PortalRequestProcessor.process(PortalRequestProcessor.java:176)
	at org.apache.struts.action.ActionServlet.process(ActionServlet.java:1196)
	at org.apache.struts.action.ActionServlet.doPost(ActionServlet.java:432)
	at javax.servlet.http.HttpServlet.service(HttpServlet.java:647)
	at com.liferay.portal.servlet.MainServlet.callParentService(MainServlet.java:559)
	at com.liferay.portal.servlet.MainServlet.service(MainServlet.java:536)
	at javax.servlet.http.HttpServlet.service(HttpServlet.java:728)
	at org.apache.catalina.core.ApplicationFilterChain.internalDoFilter(ApplicationFilterChain.java:305)
	at org.apache.catalina.core.ApplicationFilterChain.doFilter(ApplicationFilterChain.java:210)
	at com.liferay.portal.kernel.servlet.filters.invoker.InvokerFilterChain.doFilter(InvokerFilterChain.java:73)
	at com.liferay.portal.kernel.servlet.filters.invoker.InvokerFilterChain.doFilter(InvokerFilterChain.java:117)
	at com.liferay.portal.kernel.servlet.filters.invoker.InvokerFilterChain.doFilter(InvokerFilterChain.java:117)
	at com.liferay.portal.kernel.servlet.BaseFilter.processFilter(BaseFilter.java:169)
	at com.liferay.portal.servlet.filters.strip.StripFilter.processFilter(StripFilter.java:355)
	at com.liferay.portal.kernel.servlet.BaseFilter.doFilter(BaseFilter.java:59)
	at com.liferay.portal.kernel.servlet.filters.invoker.InvokerFilterChain.processDoFilter(InvokerFilterChain.java:207)
	at com.liferay.portal.kernel.servlet.filters.invoker.InvokerFilterChain.doFilter(InvokerFilterChain.java:109)
	at com.liferay.portal.kernel.servlet.filters.invoker.InvokerFilterChain.doFilter(InvokerFilterChain.java:117)
	at com.liferay.portal.kernel.servlet.BaseFilter.processFilter(BaseFilter.java:169)
	at com.liferay.portal.servlet.filters.gzip.GZipFilter.processFilter(GZipFilter.java:123)
	at com.liferay.portal.kernel.servlet.BaseFilter.doFilter(BaseFilter.java:59)
	at com.liferay.portal.kernel.servlet.filters.invoker.InvokerFilterChain.processDoFilter(InvokerFilterChain.java:207)
	at com.liferay.portal.kernel.servlet.filters.invoker.InvokerFilterChain.doFilter(InvokerFilterChain.java:109)
	at com.liferay.portal.kernel.servlet.BaseFilter.processFilter(BaseFilter.java:169)
	at com.liferay.portal.servlet.filters.secure.SecureFilter.processFilter(SecureFilter.java:314)
	at com.liferay.portal.kernel.servlet.BaseFilter.doFilter(BaseFilter.java:59)
	at com.liferay.portal.kernel.servlet.filters.invoker.InvokerFilterChain.processDoFilter(InvokerFilterChain.java:207)
	at com.liferay.portal.kernel.servlet.filters.invoker.InvokerFilterChain.doFilter(InvokerFilterChain.java:109)
	at com.liferay.portal.kernel.servlet.BaseFilter.processFilter(BaseFilter.java:169)
	at com.liferay.portal.servlet.filters.jsoncontenttype.JSONContentTypeFilter.processFilter(JSONContentTypeFilter.java:42)
	at com.liferay.portal.kernel.servlet.BaseFilter.doFilter(BaseFilter.java:59)
	at com.liferay.portal.kernel.servlet.filters.invoker.InvokerFilterChain.processDoFilter(InvokerFilterChain.java:207)
	at com.liferay.portal.kernel.servlet.filters.invoker.InvokerFilterChain.doFilter(InvokerFilterChain.java:109)
	at com.liferay.portal.kernel.servlet.BaseFilter.processFilter(BaseFilter.java:169)
	at com.liferay.portal.servlet.filters.sso.ntlm.NtlmPostFilter.processFilter(NtlmPostFilter.java:83)
	at com.liferay.portal.kernel.servlet.BaseFilter.doFilter(BaseFilter.java:59)
	at com.liferay.portal.kernel.servlet.filters.invoker.InvokerFilterChain.processDoFilter(InvokerFilterChain.java:207)
	at com.liferay.portal.kernel.servlet.filters.invoker.InvokerFilterChain.doFilter(InvokerFilterChain.java:109)
	at com.liferay.portal.kernel.servlet.BaseFilter.processFilter(BaseFilter.java:169)
	at com.liferay.portal.sharepoint.SharepointFilter.processFilter(SharepointFilter.java:88)
	at com.liferay.portal.kernel.servlet.BaseFilter.doFilter(BaseFilter.java:59)
	at com.liferay.portal.kernel.servlet.filters.invoker.InvokerFilterChain.processDoFilter(InvokerFilterChain.java:207)
	at com.liferay.portal.kernel.servlet.filters.invoker.InvokerFilterChain.doFilter(InvokerFilterChain.java:109)
	at com.liferay.portal.kernel.servlet.BaseFilter.processFilter(BaseFilter.java:169)
	at com.liferay.portal.servlet.filters.virtualhost.VirtualHostFilter.processFilter(VirtualHostFilter.java:191)
	at com.liferay.portal.kernel.servlet.BaseFilter.doFilter(BaseFilter.java:59)
	at com.liferay.portal.kernel.servlet.filters.invoker.InvokerFilterChain.processDoFilter(InvokerFilterChain.java:207)
	at com.liferay.portal.kernel.servlet.filters.invoker.InvokerFilterChain.doFilter(InvokerFilterChain.java:109)
	at com.liferay.portal.kernel.servlet.filters.invoker.InvokerFilterChain.processDirectCallFilter(InvokerFilterChain.java:188)
	at com.liferay.portal.kernel.servlet.filters.invoker.InvokerFilterChain.doFilter(InvokerFilterChain.java:96)
	at com.liferay.portal.kernel.servlet.filters.invoker.InvokerFilterChain.doFilter(InvokerFilterChain.java:117)
	at com.liferay.portal.kernel.servlet.filters.invoker.InvokerFilterChain.doFilter(InvokerFilterChain.java:117)
	at com.liferay.portal.kernel.servlet.filters.invoker.InvokerFilterChain.doFilter(InvokerFilterChain.java:117)
	at com.liferay.portal.kernel.servlet.filters.invoker.InvokerFilterChain.doFilter(InvokerFilterChain.java:117)
	at org.tuckey.web.filters.urlrewrite.UrlRewriteFilter.doFilter(UrlRewriteFilter.java:738)
	at com.liferay.portal.kernel.servlet.filters.invoker.InvokerFilterChain.processDoFilter(InvokerFilterChain.java:207)
	at com.liferay.portal.kernel.servlet.filters.invoker.InvokerFilterChain.doFilter(InvokerFilterChain.java:109)
	at com.liferay.portal.kernel.servlet.filters.invoker.InvokerFilterChain.processDirectCallFilter(InvokerFilterChain.java:168)
	at com.liferay.portal.kernel.servlet.filters.invoker.InvokerFilterChain.doFilter(InvokerFilterChain.java:96)
	at com.liferay.portal.kernel.servlet.filters.invoker.InvokerFilterChain.doFilter(InvokerFilterChain.java:117)
	at com.liferay.portal.kernel.servlet.filters.invoker.InvokerFilterChain.processDirectCallFilter(InvokerFilterChain.java:168)
	at com.liferay.portal.kernel.servlet.filters.invoker.InvokerFilterChain.doFilter(InvokerFilterChain.java:96)
	at com.liferay.portal.kernel.servlet.filters.invoker.InvokerFilterChain.doFilter(InvokerFilterChain.java:117)
	at com.liferay.portal.kernel.servlet.filters.invoker.InvokerFilterChain.processDirectCallFilter(InvokerFilterChain.java:188)
	at com.liferay.portal.kernel.servlet.filters.invoker.InvokerFilterChain.doFilter(InvokerFilterChain.java:96)
	at com.liferay.portal.kernel.servlet.filters.invoker.InvokerFilter.doFilter(InvokerFilter.java:79)
	at org.apache.catalina.core.ApplicationFilterChain.internalDoFilter(ApplicationFilterChain.java:243)
	at org.apache.catalina.core.ApplicationFilterChain.doFilter(ApplicationFilterChain.java:210)
	at org.apache.catalina.core.StandardWrapperValve.invoke(StandardWrapperValve.java:222)
	at org.apache.catalina.core.StandardContextValve.invoke(StandardContextValve.java:123)
	at org.apache.catalina.authenticator.AuthenticatorBase.invoke(AuthenticatorBase.java:472)
	at org.apache.catalina.core.StandardHostValve.invoke(StandardHostValve.java:171)
	at org.apache.catalina.valves.ErrorReportValve.invoke(ErrorReportValve.java:99)
	at org.apache.catalina.valves.AccessLogValve.invoke(AccessLogValve.java:953)
	at org.apache.catalina.core.StandardEngineValve.invoke(StandardEngineValve.java:118)
	at org.apache.catalina.connector.CoyoteAdapter.service(CoyoteAdapter.java:408)
	at org.apache.coyote.http11.AbstractHttp11Processor.process(AbstractHttp11Processor.java:1008)
	at org.apache.coyote.AbstractProtocol$AbstractConnectionHandler.process(AbstractProtocol.java:589)
	at org.apache.tomcat.util.net.JIoEndpoint$SocketProcessor.run(JIoEndpoint.java:312)
	at java.util.concurrent.ThreadPoolExecutor.runWorker(ThreadPoolExecutor.java:1145)
	at java.util.concurrent.ThreadPoolExecutor$Worker.run(ThreadPoolExecutor.java:615)
	at java.lang.Thread.run(Thread.java:744)
19:42:32,917 WARN  [http-bio-8080-exec-4][ThemeLocalServiceImpl:153] No theme found for specified theme id welcome_WAR_welcometheme. Returning the default theme.
19:43:00,562 WARN  [http-bio-8080-exec-9][ThemeLocalServiceImpl:153] No theme found for specified theme id welcome_WAR_welcometheme. Returning the default theme.
19:43:00,582 WARN  [http-bio-8080-exec-9][ThemeLocalServiceImpl:153] No theme found for specified theme id welcome_WAR_welcometheme. Returning the default theme.
19:43:00,584 WARN  [http-bio-8080-exec-9][ThemeLocalServiceImpl:153] No theme found for specified theme id welcome_WAR_welcometheme. Returning the default theme.
19:43:00,585 WARN  [http-bio-8080-exec-9][ThemeLocalServiceImpl:153] No theme found for specified theme id welcome_WAR_welcometheme. Returning the default theme.
19:43:00,931 WARN  [http-bio-8080-exec-9][ThemeLocalServiceImpl:153] No theme found for specified theme id welcome_WAR_welcometheme. Returning the default theme.
19:43:00,938 WARN  [http-bio-8080-exec-9][ThemeLocalServiceImpl:153] No theme found for specified theme id welcome_WAR_welcometheme. Returning the default theme.
19:43:00,940 WARN  [http-bio-8080-exec-9][ThemeLocalServiceImpl:153] No theme found for specified theme id welcome_WAR_welcometheme. Returning the default theme.
19:43:00,941 WARN  [http-bio-8080-exec-9][ThemeLocalServiceImpl:153] No theme found for specified theme id welcome_WAR_welcometheme. Returning the default theme.
19:43:00,973 WARN  [http-bio-8080-exec-9][ThemeLocalServiceImpl:153] No theme found for specified theme id welcome_WAR_welcometheme. Returning the default theme.
19:43:00,984 WARN  [http-bio-8080-exec-9][ThemeLocalServiceImpl:153] No theme found for specified theme id welcome_WAR_welcometheme. Returning the default theme.
19:43:00,986 WARN  [http-bio-8080-exec-9][ThemeLocalServiceImpl:153] No theme found for specified theme id welcome_WAR_welcometheme. Returning the default theme.
19:43:00,987 WARN  [http-bio-8080-exec-9][ThemeLocalServiceImpl:153] No theme found for specified theme id welcome_WAR_welcometheme. Returning the default theme.
19:43:48,469 WARN  [http-bio-8080-exec-9][ThemeLocalServiceImpl:153] No theme found for specified theme id welcome_WAR_welcometheme. Returning the default theme.
19:43:48,471 WARN  [http-bio-8080-exec-9][ThemeLocalServiceImpl:153] No theme found for specified theme id welcome_WAR_welcometheme. Returning the default theme.
19:43:48,486 WARN  [http-bio-8080-exec-9][ThemeLocalServiceImpl:153] No theme found for specified theme id welcome_WAR_welcometheme. Returning the default theme.
19:43:48,488 WARN  [http-bio-8080-exec-9][ThemeLocalServiceImpl:153] No theme found for specified theme id welcome_WAR_welcometheme. Returning the default theme.
19:43:48,490 WARN  [http-bio-8080-exec-9][ThemeLocalServiceImpl:153] No theme found for specified theme id welcome_WAR_welcometheme. Returning the default theme.
19:43:48,492 WARN  [http-bio-8080-exec-9][ThemeLocalServiceImpl:153] No theme found for specified theme id welcome_WAR_welcometheme. Returning the default theme.
19:43:48,549 ERROR [http-bio-8080-exec-9][status_jsp:665] com.liferay.portal.DuplicateUserScreenNameException
com.liferay.portal.DuplicateUserScreenNameException
	at com.liferay.portal.service.impl.UserLocalServiceImpl.validateScreenName(UserLocalServiceImpl.java:6087)
	at com.liferay.portal.service.impl.UserLocalServiceImpl.validate(UserLocalServiceImpl.java:5861)
	at com.liferay.portal.service.impl.UserLocalServiceImpl.updateUser(UserLocalServiceImpl.java:4915)
	at sun.reflect.NativeMethodAccessorImpl.invoke0(Native Method)
	at sun.reflect.NativeMethodAccessorImpl.invoke(NativeMethodAccessorImpl.java:57)
	at sun.reflect.DelegatingMethodAccessorImpl.invoke(DelegatingMethodAccessorImpl.java:43)
	at java.lang.reflect.Method.invoke(Method.java:606)
	at com.liferay.portal.spring.aop.ServiceBeanMethodInvocation.proceed(ServiceBeanMethodInvocation.java:117)
	at com.liferay.portal.spring.transaction.DefaultTransactionExecutor.execute(DefaultTransactionExecutor.java:62)
	at com.liferay.portal.spring.transaction.TransactionInterceptor.invoke(TransactionInterceptor.java:52)
	at com.liferay.portal.spring.aop.ServiceBeanMethodInvocation.proceed(ServiceBeanMethodInvocation.java:113)
	at com.liferay.portal.spring.aop.ServiceBeanAopProxy.invoke(ServiceBeanAopProxy.java:218)
	at com.liferay.portal.security.pacl.PACLInvocationHandler.doInvoke(PACLInvocationHandler.java:62)
	at com.liferay.portal.security.pacl.PACLInvocationHandler.invoke(PACLInvocationHandler.java:51)
	at com.sun.proxy.$Proxy191.updateUser(Unknown Source)
	at com.liferay.portal.service.UserLocalServiceUtil.updateUser(UserLocalServiceUtil.java:3405)
	at com.liferay.portal.setup.SetupWizardUtil._updateAdminUser(SetupWizardUtil.java:417)
	at com.liferay.portal.setup.SetupWizardUtil.updateSetup(SetupWizardUtil.java:197)
	at com.liferay.portal.action.SetupWizardAction.execute(SetupWizardAction.java:80)
	at org.apache.struts.action.RequestProcessor.processActionPerform(RequestProcessor.java:431)
	at org.apache.struts.action.RequestProcessor.process(RequestProcessor.java:236)
	at com.liferay.portal.struts.PortalRequestProcessor.process(PortalRequestProcessor.java:176)
	at org.apache.struts.action.ActionServlet.process(ActionServlet.java:1196)
	at org.apache.struts.action.ActionServlet.doPost(ActionServlet.java:432)
	at javax.servlet.http.HttpServlet.service(HttpServlet.java:647)
	at com.liferay.portal.servlet.MainServlet.callParentService(MainServlet.java:559)
	at com.liferay.portal.servlet.MainServlet.service(MainServlet.java:536)
	at javax.servlet.http.HttpServlet.service(HttpServlet.java:728)
	at org.apache.catalina.core.ApplicationFilterChain.internalDoFilter(ApplicationFilterChain.java:305)
	at org.apache.catalina.core.ApplicationFilterChain.doFilter(ApplicationFilterChain.java:210)
	at com.liferay.portal.kernel.servlet.filters.invoker.InvokerFilterChain.doFilter(InvokerFilterChain.java:73)
	at com.liferay.portal.kernel.servlet.filters.invoker.InvokerFilterChain.doFilter(InvokerFilterChain.java:117)
	at com.liferay.portal.kernel.servlet.filters.invoker.InvokerFilterChain.doFilter(InvokerFilterChain.java:117)
	at com.liferay.portal.kernel.servlet.BaseFilter.processFilter(BaseFilter.java:169)
	at com.liferay.portal.servlet.filters.strip.StripFilter.processFilter(StripFilter.java:355)
	at com.liferay.portal.kernel.servlet.BaseFilter.doFilter(BaseFilter.java:59)
	at com.liferay.portal.kernel.servlet.filters.invoker.InvokerFilterChain.processDoFilter(InvokerFilterChain.java:207)
	at com.liferay.portal.kernel.servlet.filters.invoker.InvokerFilterChain.doFilter(InvokerFilterChain.java:109)
	at com.liferay.portal.kernel.servlet.filters.invoker.InvokerFilterChain.doFilter(InvokerFilterChain.java:117)
	at com.liferay.portal.kernel.servlet.BaseFilter.processFilter(BaseFilter.java:169)
	at com.liferay.portal.servlet.filters.gzip.GZipFilter.processFilter(GZipFilter.java:123)
	at com.liferay.portal.kernel.servlet.BaseFilter.doFilter(BaseFilter.java:59)
	at com.liferay.portal.kernel.servlet.filters.invoker.InvokerFilterChain.processDoFilter(InvokerFilterChain.java:207)
	at com.liferay.portal.kernel.servlet.filters.invoker.InvokerFilterChain.doFilter(InvokerFilterChain.java:109)
	at com.liferay.portal.kernel.servlet.BaseFilter.processFilter(BaseFilter.java:169)
	at com.liferay.portal.servlet.filters.secure.SecureFilter.processFilter(SecureFilter.java:314)
	at com.liferay.portal.kernel.servlet.BaseFilter.doFilter(BaseFilter.java:59)
	at com.liferay.portal.kernel.servlet.filters.invoker.InvokerFilterChain.processDoFilter(InvokerFilterChain.java:207)
	at com.liferay.portal.kernel.servlet.filters.invoker.InvokerFilterChain.doFilter(InvokerFilterChain.java:109)
	at com.liferay.portal.kernel.servlet.BaseFilter.processFilter(BaseFilter.java:169)
	at com.liferay.portal.servlet.filters.jsoncontenttype.JSONContentTypeFilter.processFilter(JSONContentTypeFilter.java:42)
	at com.liferay.portal.kernel.servlet.BaseFilter.doFilter(BaseFilter.java:59)
	at com.liferay.portal.kernel.servlet.filters.invoker.InvokerFilterChain.processDoFilter(InvokerFilterChain.java:207)
	at com.liferay.portal.kernel.servlet.filters.invoker.InvokerFilterChain.doFilter(InvokerFilterChain.java:109)
	at com.liferay.portal.kernel.servlet.BaseFilter.processFilter(BaseFilter.java:169)
	at com.liferay.portal.servlet.filters.sso.ntlm.NtlmPostFilter.processFilter(NtlmPostFilter.java:83)
	at com.liferay.portal.kernel.servlet.BaseFilter.doFilter(BaseFilter.java:59)
	at com.liferay.portal.kernel.servlet.filters.invoker.InvokerFilterChain.processDoFilter(InvokerFilterChain.java:207)
	at com.liferay.portal.kernel.servlet.filters.invoker.InvokerFilterChain.doFilter(InvokerFilterChain.java:109)
	at com.liferay.portal.kernel.servlet.BaseFilter.processFilter(BaseFilter.java:169)
	at com.liferay.portal.sharepoint.SharepointFilter.processFilter(SharepointFilter.java:88)
	at com.liferay.portal.kernel.servlet.BaseFilter.doFilter(BaseFilter.java:59)
	at com.liferay.portal.kernel.servlet.filters.invoker.InvokerFilterChain.processDoFilter(InvokerFilterChain.java:207)
	at com.liferay.portal.kernel.servlet.filters.invoker.InvokerFilterChain.doFilter(InvokerFilterChain.java:109)
	at com.liferay.portal.kernel.servlet.BaseFilter.processFilter(BaseFilter.java:169)
	at com.liferay.portal.servlet.filters.virtualhost.VirtualHostFilter.processFilter(VirtualHostFilter.java:191)
	at com.liferay.portal.kernel.servlet.BaseFilter.doFilter(BaseFilter.java:59)
	at com.liferay.portal.kernel.servlet.filters.invoker.InvokerFilterChain.processDoFilter(InvokerFilterChain.java:207)
	at com.liferay.portal.kernel.servlet.filters.invoker.InvokerFilterChain.doFilter(InvokerFilterChain.java:109)
	at com.liferay.portal.kernel.servlet.filters.invoker.InvokerFilterChain.processDirectCallFilter(InvokerFilterChain.java:188)
	at com.liferay.portal.kernel.servlet.filters.invoker.InvokerFilterChain.doFilter(InvokerFilterChain.java:96)
	at com.liferay.portal.kernel.servlet.filters.invoker.InvokerFilterChain.doFilter(InvokerFilterChain.java:117)
	at com.liferay.portal.kernel.servlet.filters.invoker.InvokerFilterChain.doFilter(InvokerFilterChain.java:117)
	at com.liferay.portal.kernel.servlet.filters.invoker.InvokerFilterChain.doFilter(InvokerFilterChain.java:117)
	at com.liferay.portal.kernel.servlet.filters.invoker.InvokerFilterChain.doFilter(InvokerFilterChain.java:117)
	at org.tuckey.web.filters.urlrewrite.UrlRewriteFilter.doFilter(UrlRewriteFilter.java:738)
	at com.liferay.portal.kernel.servlet.filters.invoker.InvokerFilterChain.processDoFilter(InvokerFilterChain.java:207)
	at com.liferay.portal.kernel.servlet.filters.invoker.InvokerFilterChain.doFilter(InvokerFilterChain.java:109)
	at com.liferay.portal.kernel.servlet.filters.invoker.InvokerFilterChain.processDirectCallFilter(InvokerFilterChain.java:168)
	at com.liferay.portal.kernel.servlet.filters.invoker.InvokerFilterChain.doFilter(InvokerFilterChain.java:96)
	at com.liferay.portal.kernel.servlet.filters.invoker.InvokerFilterChain.doFilter(InvokerFilterChain.java:117)
	at com.liferay.portal.kernel.servlet.filters.invoker.InvokerFilterChain.processDirectCallFilter(InvokerFilterChain.java:168)
	at com.liferay.portal.kernel.servlet.filters.invoker.InvokerFilterChain.doFilter(InvokerFilterChain.java:96)
	at com.liferay.portal.kernel.servlet.filters.invoker.InvokerFilterChain.doFilter(InvokerFilterChain.java:117)
	at com.liferay.portal.kernel.servlet.filters.invoker.InvokerFilterChain.processDirectCallFilter(InvokerFilterChain.java:188)
	at com.liferay.portal.kernel.servlet.filters.invoker.InvokerFilterChain.doFilter(InvokerFilterChain.java:96)
	at com.liferay.portal.kernel.servlet.filters.invoker.InvokerFilter.doFilter(InvokerFilter.java:79)
	at org.apache.catalina.core.ApplicationFilterChain.internalDoFilter(ApplicationFilterChain.java:243)
	at org.apache.catalina.core.ApplicationFilterChain.doFilter(ApplicationFilterChain.java:210)
	at org.apache.catalina.core.StandardWrapperValve.invoke(StandardWrapperValve.java:222)
	at org.apache.catalina.core.StandardContextValve.invoke(StandardContextValve.java:123)
	at org.apache.catalina.authenticator.AuthenticatorBase.invoke(AuthenticatorBase.java:472)
	at org.apache.catalina.core.StandardHostValve.invoke(StandardHostValve.java:171)
	at org.apache.catalina.valves.ErrorReportValve.invoke(ErrorReportValve.java:99)
	at org.apache.catalina.valves.AccessLogValve.invoke(AccessLogValve.java:953)
	at org.apache.catalina.core.StandardEngineValve.invoke(StandardEngineValve.java:118)
	at org.apache.catalina.connector.CoyoteAdapter.service(CoyoteAdapter.java:408)
	at org.apache.coyote.http11.AbstractHttp11Processor.process(AbstractHttp11Processor.java:1008)
	at org.apache.coyote.AbstractProtocol$AbstractConnectionHandler.process(AbstractProtocol.java:589)
	at org.apache.tomcat.util.net.JIoEndpoint$SocketProcessor.run(JIoEndpoint.java:312)
	at java.util.concurrent.ThreadPoolExecutor.runWorker(ThreadPoolExecutor.java:1145)
	at java.util.concurrent.ThreadPoolExecutor$Worker.run(ThreadPoolExecutor.java:615)
	at java.lang.Thread.run(Thread.java:744)
19:43:48,584 WARN  [http-bio-8080-exec-9][ThemeLocalServiceImpl:153] No theme found for specified theme id welcome_WAR_welcometheme. Returning the default theme.
19:43:56,487 WARN  [http-bio-8080-exec-8][ThemeLocalServiceImpl:153] No theme found for specified theme id welcome_WAR_welcometheme. Returning the default theme.
19:43:56,491 WARN  [http-bio-8080-exec-8][ThemeLocalServiceImpl:153] No theme found for specified theme id welcome_WAR_welcometheme. Returning the default theme.
19:43:56,493 WARN  [http-bio-8080-exec-8][ThemeLocalServiceImpl:153] No theme found for specified theme id welcome_WAR_welcometheme. Returning the default theme.
19:43:56,493 WARN  [http-bio-8080-exec-8][ThemeLocalServiceImpl:153] No theme found for specified theme id welcome_WAR_welcometheme. Returning the default theme.
19:43:56,716 WARN  [http-bio-8080-exec-8][ThemeLocalServiceImpl:153] No theme found for specified theme id welcome_WAR_welcometheme. Returning the default theme.
19:43:56,717 WARN  [http-bio-8080-exec-8][ThemeLocalServiceImpl:153] No theme found for specified theme id welcome_WAR_welcometheme. Returning the default theme.
19:43:56,742 WARN  [http-bio-8080-exec-8][ThemeLocalServiceImpl:153] No theme found for specified theme id welcome_WAR_welcometheme. Returning the default theme.
19:43:56,743 WARN  [http-bio-8080-exec-8][ThemeLocalServiceImpl:153] No theme found for specified theme id welcome_WAR_welcometheme. Returning the default theme.
19:43:56,745 WARN  [http-bio-8080-exec-8][ThemeLocalServiceImpl:153] No theme found for specified theme id welcome_WAR_welcometheme. Returning the default theme.
19:43:56,747 WARN  [http-bio-8080-exec-8][ThemeLocalServiceImpl:153] No theme found for specified theme id welcome_WAR_welcometheme. Returning the default theme.
19:43:56,909 WARN  [http-bio-8080-exec-8][ThemeLocalServiceImpl:153] No theme found for specified theme id welcome_WAR_welcometheme. Returning the default theme.
19:44:02,187 WARN  [http-bio-8080-exec-8][ThemeLocalServiceImpl:153] No theme found for specified theme id welcome_WAR_welcometheme. Returning the default theme.
19:44:02,192 WARN  [http-bio-8080-exec-8][ThemeLocalServiceImpl:153] No theme found for specified theme id welcome_WAR_welcometheme. Returning the default theme.
19:44:02,193 WARN  [http-bio-8080-exec-8][ThemeLocalServiceImpl:153] No theme found for specified theme id welcome_WAR_welcometheme. Returning the default theme.
19:44:02,194 WARN  [http-bio-8080-exec-8][ThemeLocalServiceImpl:153] No theme found for specified theme id welcome_WAR_welcometheme. Returning the default theme.
19:44:02,410 WARN  [http-bio-8080-exec-3][ThemeLocalServiceImpl:153] No theme found for specified theme id welcome_WAR_welcometheme. Returning the default theme.
19:44:02,414 WARN  [http-bio-8080-exec-3][ThemeLocalServiceImpl:153] No theme found for specified theme id welcome_WAR_welcometheme. Returning the default theme.
19:44:02,416 WARN  [http-bio-8080-exec-3][ThemeLocalServiceImpl:153] No theme found for specified theme id welcome_WAR_welcometheme. Returning the default theme.
19:44:02,417 WARN  [http-bio-8080-exec-3][ThemeLocalServiceImpl:153] No theme found for specified theme id welcome_WAR_welcometheme. Returning the default theme.
19:44:06,080 INFO  [http-bio-8080-exec-3][HotDeployEvent:109] Plugin marketplace-portlet requires portal-compat-hook
19:44:06,785 INFO  [http-bio-8080-exec-3][HotDeployImpl:239] Queueing marketplace-portlet for deploy because it is missing portal-compat-hook
19:44:07,156 INFO  [http-bio-8080-exec-3][HotDeployImpl:185] Deploying portal-compat-hook from queue
19:44:07,160 INFO  [http-bio-8080-exec-3][PluginPackageUtil:1049] Reading plugin package for portal-compat-hook
19:44:07,659 INFO  [http-bio-8080-exec-3][HookHotDeployListener:584] Registering hook for portal-compat-hook
19:44:07,941 INFO  [http-bio-8080-exec-3][HookHotDeployListener:711] Hook for portal-compat-hook is available for use
19:44:07,946 INFO  [http-bio-8080-exec-3][HotDeployImpl:185] Deploying marketplace-portlet from queue
19:44:07,947 INFO  [http-bio-8080-exec-3][PluginPackageUtil:1049] Reading plugin package for marketplace-portlet
19:44:10,569 INFO  [http-bio-8080-exec-3][HookHotDeployListener:584] Registering hook for marketplace-portlet
19:44:10,708 INFO  [http-bio-8080-exec-3][HookHotDeployListener:711] Hook for marketplace-portlet is available for use
19:44:10,714 INFO  [http-bio-8080-exec-3][PortletHotDeployListener:295] Registering portlets for marketplace-portlet
19:44:11,109 INFO  [http-bio-8080-exec-3][PortletHotDeployListener:459] 2 portlets for marketplace-portlet are available for use
19:44:11,180 INFO  [http-bio-8080-exec-3][HotDeployEvent:109] Plugin resources-importer-web requires portal-compat-hook
19:44:11,400 INFO  [http-bio-8080-exec-3][HotDeployImpl:185] Deploying resources-importer-web from queue
19:44:11,401 INFO  [http-bio-8080-exec-3][PluginPackageUtil:1049] Reading plugin package for resources-importer-web
19:44:11,828 INFO  [http-bio-8080-exec-3][HotDeployEvent:109] Plugin welcome-theme requires portal-compat-hook, resources-importer-web
19:44:12,043 INFO  [http-bio-8080-exec-3][HotDeployImpl:185] Deploying welcome-theme from queue
19:44:12,044 INFO  [http-bio-8080-exec-3][PluginPackageUtil:1049] Reading plugin package for welcome-theme
19:44:12,468 INFO  [http-bio-8080-exec-3][ThemeHotDeployListener:89] Registering themes for welcome-theme
19:44:17,053 INFO  [http-bio-8080-exec-3][ThemeHotDeployListener:102] 1 theme for welcome-theme is available for use
19:44:17,131 INFO  [liferay/hot_deploy-1][HotDeployMessageListener:175] Group or layout set prototype already exists for company liferay.com
19:44:19,326 INFO  [com.liferay.portal.plugin.PluginPackageUtil][PluginPackageUtil:1438] Checking for available updates
19:44:34,827 INFO  [com.liferay.portal.plugin.PluginPackageUtil][PluginPackageUtil:1482] Finished checking for available updates in 15497 ms
19:54:00,486 INFO  [com.liferay.portal.kernel.deploy.auto.AutoDeployScanner][AutoDeployDir:215] Processing liferay-portlet-6.1.1.1.war
19:54:00,490 INFO  [com.liferay.portal.kernel.deploy.auto.AutoDeployScanner][PortletAutoDeployListener:79] Copying portlets for E:\technical\liferay-portal-6.1.2-ce-ga3\deploy\liferay-portlet-6.1.1.1.war
19:54:00,492 INFO  [com.liferay.portal.kernel.deploy.auto.AutoDeployScanner][BaseDeployer:820] Deploying liferay-portlet-6.1.1.1.war
19:54:02,021 INFO  [com.liferay.portal.kernel.deploy.auto.AutoDeployScanner][BaseDeployer:2233] Modifying Servlet 2.4 E:\technical\liferay-portal-6.1.2-ce-ga3\tomcat-7.0.40\temp\20131227195400584\WEB-INF\web.xml
19:54:02,362 INFO  [com.liferay.portal.kernel.deploy.auto.AutoDeployScanner][PortletAutoDeployListener:89] Portlets for E:\technical\liferay-portal-6.1.2-ce-ga3\deploy\liferay-portlet-6.1.1.1.war copied successfully. Deployment will start in a few seconds.
19:54:06,569 INFO  [localhost-startStop-2][HotDeployEvent:109] Plugin liferay-portlet requires portal-compat-hook
19:54:06,988 INFO  [localhost-startStop-2][HotDeployImpl:185] Deploying liferay-portlet from queue
19:54:06,990 INFO  [localhost-startStop-2][PluginPackageUtil:1049] Reading plugin package for liferay-portlet
19:54:07,219 INFO  [localhost-startStop-2][HookHotDeployListener:584] Registering hook for liferay-portlet
19:54:07,272 INFO  [localhost-startStop-2][HookHotDeployListener:711] Hook for liferay-portlet is available for use
19:54:07,274 INFO  [localhost-startStop-2][PortletHotDeployListener:295] Registering portlets for liferay-portlet
19:54:07,624 INFO  [localhost-startStop-2][PortletHotDeployListener:454] 1 portlet for liferay-portlet is available for use
19:58:33,597 INFO  [com.liferay.portal.plugin.PluginPackageUtil][PluginPackageUtil:1438] Checking for available updates
19:58:33,599 INFO  [com.liferay.portal.plugin.PluginPackageUtil][PluginPackageUtil:1482] Finished checking for available updates in 1 ms
20:35:52,509 INFO  [com.liferay.portal.kernel.deploy.auto.AutoDeployScanner][AutoDeployDir:215] Processing liferay-portlet-6.1.1.1.war
20:35:52,511 INFO  [com.liferay.portal.kernel.deploy.auto.AutoDeployScanner][PortletAutoDeployListener:79] Copying portlets for E:\technical\liferay-portal-6.1.2-ce-ga3\deploy\liferay-portlet-6.1.1.1.war
20:35:52,513 INFO  [com.liferay.portal.kernel.deploy.auto.AutoDeployScanner][BaseDeployer:820] Deploying liferay-portlet-6.1.1.1.war
20:35:52,518 INFO  [com.liferay.portal.kernel.deploy.auto.AutoDeployScanner][BaseDeployer:916] Updating Liferay from version 6.1.1.1 to version 6.1.1.1
20:35:52,778 INFO  [com.liferay.portal.kernel.deploy.auto.AutoDeployScanner][BaseDeployer:2233] Modifying Servlet 2.4 E:\technical\liferay-portal-6.1.2-ce-ga3\tomcat-7.0.40\temp\20131227203552519\WEB-INF\web.xml
20:35:52,825 INFO  [com.liferay.portal.kernel.deploy.auto.AutoDeployScanner][PortletAutoDeployListener:89] Portlets for E:\technical\liferay-portal-6.1.2-ce-ga3\deploy\liferay-portlet-6.1.1.1.war copied successfully. Deployment will start in a few seconds.
20:36:02,217 INFO  [ContainerBackgroundProcessor[StandardEngine[Catalina]]][HotDeployEvent:109] Plugin liferay-portlet requires portal-compat-hook
20:36:02,219 INFO  [ContainerBackgroundProcessor[StandardEngine[Catalina]]][PluginPackageUtil:1049] Reading plugin package for liferay-portlet
20:36:02,421 INFO  [ContainerBackgroundProcessor[StandardEngine[Catalina]]][HookHotDeployListener:834] Hook for liferay-portlet was unregistered
20:36:02,421 INFO  [ContainerBackgroundProcessor[StandardEngine[Catalina]]][PortletHotDeployListener:491] Unregistering portlets for liferay-portlet
20:36:02,827 INFO  [ContainerBackgroundProcessor[StandardEngine[Catalina]]][PortletHotDeployListener:525] 1 portlet for liferay-portlet was unregistered
20:36:04,519 INFO  [localhost-startStop-3][HotDeployEvent:109] Plugin liferay-portlet requires portal-compat-hook
20:36:04,799 INFO  [localhost-startStop-3][HotDeployImpl:185] Deploying liferay-portlet from queue
20:36:04,800 INFO  [localhost-startStop-3][PluginPackageUtil:1049] Reading plugin package for liferay-portlet
20:36:05,026 INFO  [localhost-startStop-3][HookHotDeployListener:584] Registering hook for liferay-portlet
20:36:05,035 INFO  [localhost-startStop-3][HookHotDeployListener:711] Hook for liferay-portlet is available for use
20:36:05,037 INFO  [localhost-startStop-3][PortletHotDeployListener:295] Registering portlets for liferay-portlet
20:36:05,342 INFO  [localhost-startStop-3][PortletHotDeployListener:454] 1 portlet for liferay-portlet is available for use
