Dec 28, 2013 3:58:33 AM org.apache.catalina.startup.HostConfig deleteRedeployResources
INFO: Undeploying context [/liferay-portlet]
Dec 28, 2013 3:58:34 AM org.apache.catalina.startup.HostConfig deployDirectory
INFO: Deploying web application directory E:\technical\liferay-portal-6.1.2-ce-ga3\tomcat-7.0.40\webapps\liferay-portlet
Dec 28, 2013 4:06:09 AM org.apache.catalina.startup.HostConfig deleteRedeployResources
INFO: Undeploying context [/liferay-portlet]
Dec 28, 2013 4:06:10 AM org.apache.catalina.startup.HostConfig deployDirectory
INFO: Deploying web application directory E:\technical\liferay-portal-6.1.2-ce-ga3\tomcat-7.0.40\webapps\liferay-portlet
Dec 28, 2013 5:13:29 AM org.apache.catalina.startup.HostConfig deleteRedeployResources
INFO: Undeploying context [/liferay-portlet]
Dec 28, 2013 5:13:31 AM org.apache.catalina.startup.HostConfig deployDirectory
INFO: Deploying web application directory E:\technical\liferay-portal-6.1.2-ce-ga3\tomcat-7.0.40\webapps\liferay-portlet
Dec 28, 2013 9:25:09 AM org.apache.catalina.core.AprLifecycleListener init
INFO: The APR based Apache Tomcat Native library which allows optimal performance in production environments was not found on the java.library.path: C:\Program Files\Java\jdk1.7.0_45\bin;C:\Windows\Sun\Java\bin;C:\Windows\system32;C:\Windows;C:\Program Files\Java\jdk1.7.0_45\jre\bin;C:/Program Files/Java/jdk1.6.0_16/bin/../jre/bin/client;C:/Program Files/Java/jdk1.6.0_16/bin/../jre/bin;C:/Program Files/Java/jdk1.6.0_16/bin/../jre/lib/i386;C:\Program Files\Java\jdk1.6.0_16\bin;E:\technical\softs java\apache-maven-3.0.3\bin;C:\Program Files\PC Connectivity Solution\;C:\Program Files\Common Files\Microsoft Shared\Windows Live;C:\Windows\system32;C:\Windows;C:\Windows\System32\Wbem;C:\Windows\System32\WindowsPowerShell\v1.0\;C:\Program Files\QuickTime\QTSystem\;C:\Program Files\Windows Live\Shared;C:\Program Files\TortoiseSVN\bin;E:\technical\softs java\apache-ant-1.9.2\bin;;.
Dec 28, 2013 9:25:15 AM org.apache.coyote.AbstractProtocol init
INFO: Initializing ProtocolHandler ["http-bio-8080"]
Dec 28, 2013 9:25:15 AM org.apache.coyote.AbstractProtocol init
INFO: Initializing ProtocolHandler ["ajp-bio-8009"]
Dec 28, 2013 9:25:15 AM org.apache.catalina.startup.Catalina load
INFO: Initialization processed in 6801 ms
Dec 28, 2013 9:25:15 AM org.apache.catalina.core.StandardService startInternal
INFO: Starting service Catalina
Dec 28, 2013 9:25:15 AM org.apache.catalina.core.StandardEngine startInternal
INFO: Starting Servlet Engine: Apache Tomcat/7.0.40
Dec 28, 2013 9:25:15 AM org.apache.catalina.startup.HostConfig deployDescriptor
INFO: Deploying configuration descriptor E:\technical\GIT\faraday\liferay-portal-6.1.2-ce-ga3\tomcat-7.0.40\conf\Catalina\localhost\ROOT.xml
Dec 28, 2013 9:27:24 AM org.apache.catalina.startup.HostConfig deployDirectory
INFO: Deploying web application directory E:\technical\GIT\faraday\liferay-portal-6.1.2-ce-ga3\tomcat-7.0.40\webapps\liferay-portlet
Dec 28, 2013 9:27:27 AM org.apache.catalina.startup.HostConfig deployDirectory
INFO: Deploying web application directory E:\technical\GIT\faraday\liferay-portal-6.1.2-ce-ga3\tomcat-7.0.40\webapps\marketplace-portlet
Dec 28, 2013 9:27:30 AM org.apache.catalina.startup.HostConfig deployDirectory
INFO: Deploying web application directory E:\technical\GIT\faraday\liferay-portal-6.1.2-ce-ga3\tomcat-7.0.40\webapps\portal-compat-hook
Dec 28, 2013 9:27:36 AM org.apache.catalina.startup.HostConfig deployDirectory
INFO: Deploying web application directory E:\technical\GIT\faraday\liferay-portal-6.1.2-ce-ga3\tomcat-7.0.40\webapps\resources-importer-web
Dec 28, 2013 9:27:38 AM org.apache.catalina.startup.HostConfig deployDirectory
INFO: Deploying web application directory E:\technical\GIT\faraday\liferay-portal-6.1.2-ce-ga3\tomcat-7.0.40\webapps\welcome-theme
Dec 28, 2013 9:27:41 AM org.apache.coyote.AbstractProtocol start
INFO: Starting ProtocolHandler ["http-bio-8080"]
Dec 28, 2013 9:27:41 AM org.apache.coyote.AbstractProtocol start
INFO: Starting ProtocolHandler ["ajp-bio-8009"]
Dec 28, 2013 9:27:41 AM org.apache.catalina.startup.Catalina start
INFO: Server startup in 145756 ms
Dec 28, 2013 10:48:11 AM org.apache.catalina.core.AprLifecycleListener init
INFO: The APR based Apache Tomcat Native library which allows optimal performance in production environments was not found on the java.library.path: C:\Program Files\Java\jdk1.7.0_45\bin;C:\Windows\Sun\Java\bin;C:\Windows\system32;C:\Windows;C:\Program Files\Java\jdk1.7.0_45\jre\bin;C:/Program Files/Java/jdk1.6.0_16/bin/../jre/bin/client;C:/Program Files/Java/jdk1.6.0_16/bin/../jre/bin;C:/Program Files/Java/jdk1.6.0_16/bin/../jre/lib/i386;C:\Program Files\Java\jdk1.6.0_16\bin;E:\technical\softs java\apache-maven-3.0.3\bin;C:\Program Files\PC Connectivity Solution\;C:\Program Files\Common Files\Microsoft Shared\Windows Live;C:\Windows\system32;C:\Windows;C:\Windows\System32\Wbem;C:\Windows\System32\WindowsPowerShell\v1.0\;C:\Program Files\QuickTime\QTSystem\;C:\Program Files\Windows Live\Shared;C:\Program Files\TortoiseSVN\bin;E:\technical\softs java\apache-ant-1.9.2\bin;;.
Dec 28, 2013 10:48:16 AM org.apache.coyote.AbstractProtocol init
INFO: Initializing ProtocolHandler ["http-bio-8080"]
Dec 28, 2013 10:48:16 AM org.apache.coyote.AbstractProtocol init
INFO: Initializing ProtocolHandler ["ajp-bio-8009"]
Dec 28, 2013 10:48:16 AM org.apache.catalina.startup.Catalina load
INFO: Initialization processed in 7191 ms
Dec 28, 2013 10:48:16 AM org.apache.catalina.core.StandardService startInternal
INFO: Starting service Catalina
Dec 28, 2013 10:48:16 AM org.apache.catalina.core.StandardEngine startInternal
INFO: Starting Servlet Engine: Apache Tomcat/7.0.40
Dec 28, 2013 10:48:16 AM org.apache.catalina.startup.HostConfig deployDescriptor
INFO: Deploying configuration descriptor E:\technical\GIT\faraday\liferay-portal-6.1.2-ce-ga3\tomcat-7.0.40\conf\Catalina\localhost\ROOT.xml
Dec 28, 2013 10:50:35 AM org.apache.catalina.startup.HostConfig deployDirectory
INFO: Deploying web application directory E:\technical\GIT\faraday\liferay-portal-6.1.2-ce-ga3\tomcat-7.0.40\webapps\liferay-portlet
Dec 28, 2013 10:50:37 AM org.apache.catalina.startup.HostConfig deployDirectory
INFO: Deploying web application directory E:\technical\GIT\faraday\liferay-portal-6.1.2-ce-ga3\tomcat-7.0.40\webapps\marketplace-portlet
Dec 28, 2013 10:50:41 AM org.apache.catalina.startup.HostConfig deployDirectory
INFO: Deploying web application directory E:\technical\GIT\faraday\liferay-portal-6.1.2-ce-ga3\tomcat-7.0.40\webapps\portal-compat-hook
Dec 28, 2013 10:50:47 AM org.apache.catalina.startup.HostConfig deployDirectory
INFO: Deploying web application directory E:\technical\GIT\faraday\liferay-portal-6.1.2-ce-ga3\tomcat-7.0.40\webapps\resources-importer-web
Dec 28, 2013 10:50:49 AM org.apache.catalina.startup.HostConfig deployDirectory
INFO: Deploying web application directory E:\technical\GIT\faraday\liferay-portal-6.1.2-ce-ga3\tomcat-7.0.40\webapps\welcome-theme
Dec 28, 2013 10:50:53 AM org.apache.coyote.AbstractProtocol start
INFO: Starting ProtocolHandler ["http-bio-8080"]
Dec 28, 2013 10:50:53 AM org.apache.coyote.AbstractProtocol start
INFO: Starting ProtocolHandler ["ajp-bio-8009"]
Dec 28, 2013 10:50:53 AM org.apache.catalina.startup.Catalina start
INFO: Server startup in 157172 ms
