Dec 29, 2013 4:30:37 PM org.apache.catalina.core.AprLifecycleListener init
INFO: The APR based Apache Tomcat Native library which allows optimal performance in production environments was not found on the java.library.path: C:\Program Files\Java\jdk1.7.0_45\bin;C:\Windows\Sun\Java\bin;C:\Windows\system32;C:\Windows;C:\Program Files\Java\jdk1.7.0_45\jre\bin;C:/Program Files/Java/jdk1.6.0_16/bin/../jre/bin/client;C:/Program Files/Java/jdk1.6.0_16/bin/../jre/bin;C:/Program Files/Java/jdk1.6.0_16/bin/../jre/lib/i386;C:\Program Files\Java\jdk1.6.0_16\bin;E:\technical\softs java\apache-maven-3.0.3\bin;C:\Program Files\PC Connectivity Solution\;C:\Program Files\Common Files\Microsoft Shared\Windows Live;C:\Windows\system32;C:\Windows;C:\Windows\System32\Wbem;C:\Windows\System32\WindowsPowerShell\v1.0\;C:\Program Files\QuickTime\QTSystem\;C:\Program Files\Windows Live\Shared;C:\Program Files\TortoiseSVN\bin;E:\technical\softs java\apache-ant-1.9.2\bin;;.
Dec 29, 2013 4:30:39 PM org.apache.coyote.AbstractProtocol init
INFO: Initializing ProtocolHandler ["http-bio-8080"]
Dec 29, 2013 4:30:39 PM org.apache.coyote.AbstractProtocol init
INFO: Initializing ProtocolHandler ["ajp-bio-8009"]
Dec 29, 2013 4:30:39 PM org.apache.catalina.startup.Catalina load
INFO: Initialization processed in 2535 ms
Dec 29, 2013 4:30:39 PM org.apache.catalina.core.StandardService startInternal
INFO: Starting service Catalina
Dec 29, 2013 4:30:39 PM org.apache.catalina.core.StandardEngine startInternal
INFO: Starting Servlet Engine: Apache Tomcat/7.0.40
Dec 29, 2013 4:30:39 PM org.apache.catalina.startup.HostConfig deployDescriptor
INFO: Deploying configuration descriptor E:\technical\GIT\faraday\liferay-portal-6.1.2-ce-ga3\tomcat-7.0.40\conf\Catalina\localhost\ROOT.xml
Dec 29, 2013 4:31:33 PM org.apache.catalina.core.StandardContext startInternal
SEVERE: Error listenerStart
Dec 29, 2013 4:31:33 PM org.apache.catalina.core.StandardContext startInternal
SEVERE: Context [] startup failed due to previous errors
Dec 29, 2013 4:31:33 PM org.apache.catalina.startup.HostConfig deployDirectory
INFO: Deploying web application directory E:\technical\GIT\faraday\liferay-portal-6.1.2-ce-ga3\tomcat-7.0.40\webapps\liferay-portlet
Dec 29, 2013 4:31:35 PM org.apache.catalina.startup.HostConfig deployDirectory
INFO: Deploying web application directory E:\technical\GIT\faraday\liferay-portal-6.1.2-ce-ga3\tomcat-7.0.40\webapps\marketplace-portlet
Dec 29, 2013 4:31:38 PM org.apache.catalina.startup.HostConfig deployDirectory
INFO: Deploying web application directory E:\technical\GIT\faraday\liferay-portal-6.1.2-ce-ga3\tomcat-7.0.40\webapps\portal-compat-hook
Dec 29, 2013 4:31:39 PM org.apache.catalina.startup.HostConfig deployDirectory
INFO: Deploying web application directory E:\technical\GIT\faraday\liferay-portal-6.1.2-ce-ga3\tomcat-7.0.40\webapps\resources-importer-web
Dec 29, 2013 4:31:41 PM org.apache.catalina.startup.HostConfig deployDirectory
INFO: Deploying web application directory E:\technical\GIT\faraday\liferay-portal-6.1.2-ce-ga3\tomcat-7.0.40\webapps\welcome-theme
Dec 29, 2013 4:31:42 PM org.apache.coyote.AbstractProtocol start
INFO: Starting ProtocolHandler ["http-bio-8080"]
Dec 29, 2013 4:31:43 PM org.apache.coyote.AbstractProtocol start
INFO: Starting ProtocolHandler ["ajp-bio-8009"]
Dec 29, 2013 4:31:43 PM org.apache.catalina.startup.Catalina start
INFO: Server startup in 63406 ms
Dec 29, 2013 5:46:33 PM org.apache.catalina.core.AprLifecycleListener init
INFO: The APR based Apache Tomcat Native library which allows optimal performance in production environments was not found on the java.library.path: C:\Program Files\Java\jdk1.7.0_45\bin;C:\Windows\Sun\Java\bin;C:\Windows\system32;C:\Windows;C:\Program Files\Java\jdk1.7.0_45\jre\bin;C:/Program Files/Java/jdk1.6.0_16/bin/../jre/bin/client;C:/Program Files/Java/jdk1.6.0_16/bin/../jre/bin;C:/Program Files/Java/jdk1.6.0_16/bin/../jre/lib/i386;C:\Program Files\Java\jdk1.6.0_16\bin;E:\technical\softs java\apache-maven-3.0.3\bin;C:\Program Files\PC Connectivity Solution\;C:\Program Files\Common Files\Microsoft Shared\Windows Live;C:\Windows\system32;C:\Windows;C:\Windows\System32\Wbem;C:\Windows\System32\WindowsPowerShell\v1.0\;C:\Program Files\QuickTime\QTSystem\;C:\Program Files\Windows Live\Shared;C:\Program Files\TortoiseSVN\bin;E:\technical\softs java\apache-ant-1.9.2\bin;;.
Dec 29, 2013 5:46:34 PM org.apache.coyote.AbstractProtocol init
INFO: Initializing ProtocolHandler ["http-bio-8080"]
Dec 29, 2013 5:46:34 PM org.apache.coyote.AbstractProtocol init
INFO: Initializing ProtocolHandler ["ajp-bio-8009"]
Dec 29, 2013 5:46:34 PM org.apache.catalina.startup.Catalina load
INFO: Initialization processed in 769 ms
Dec 29, 2013 5:46:34 PM org.apache.catalina.core.StandardService startInternal
INFO: Starting service Catalina
Dec 29, 2013 5:46:34 PM org.apache.catalina.core.StandardEngine startInternal
INFO: Starting Servlet Engine: Apache Tomcat/7.0.40
Dec 29, 2013 5:46:34 PM org.apache.catalina.startup.HostConfig deployDescriptor
INFO: Deploying configuration descriptor E:\technical\GIT\faraday\liferay-portal-6.1.2-ce-ga3\tomcat-7.0.40\conf\Catalina\localhost\ROOT.xml
Dec 29, 2013 5:48:38 PM org.apache.catalina.startup.HostConfig deployDirectory
INFO: Deploying web application directory E:\technical\GIT\faraday\liferay-portal-6.1.2-ce-ga3\tomcat-7.0.40\webapps\liferay-portlet
Dec 29, 2013 5:48:40 PM org.apache.catalina.startup.HostConfig deployDirectory
INFO: Deploying web application directory E:\technical\GIT\faraday\liferay-portal-6.1.2-ce-ga3\tomcat-7.0.40\webapps\marketplace-portlet
Dec 29, 2013 5:48:42 PM org.apache.catalina.startup.HostConfig deployDirectory
INFO: Deploying web application directory E:\technical\GIT\faraday\liferay-portal-6.1.2-ce-ga3\tomcat-7.0.40\webapps\portal-compat-hook
Dec 29, 2013 5:48:48 PM org.apache.catalina.startup.HostConfig deployDirectory
INFO: Deploying web application directory E:\technical\GIT\faraday\liferay-portal-6.1.2-ce-ga3\tomcat-7.0.40\webapps\resources-importer-web
Dec 29, 2013 5:48:51 PM org.apache.catalina.startup.HostConfig deployDirectory
INFO: Deploying web application directory E:\technical\GIT\faraday\liferay-portal-6.1.2-ce-ga3\tomcat-7.0.40\webapps\welcome-theme
Dec 29, 2013 5:48:54 PM org.apache.coyote.AbstractProtocol start
INFO: Starting ProtocolHandler ["http-bio-8080"]
Dec 29, 2013 5:48:54 PM org.apache.coyote.AbstractProtocol start
INFO: Starting ProtocolHandler ["ajp-bio-8009"]
Dec 29, 2013 5:48:54 PM org.apache.catalina.startup.Catalina start
INFO: Server startup in 140341 ms
